<?xml version="1.0" encoding="UTF-8"?>
<testsuites name="TestSuite1" time="0" tests="0" failures="0" errors="0">
   <testsuite name="TestSuite1" tests="0" failures="0" errors="0" time="0" timestamp="2018-05-14 11:23:51" hostname="ionut.ciobanu - LENOVO0187.corp.gaminginnovationgroup.com" id="Test Suites/TestSuite1">
      <properties>
         <property name="deviceName" value=""/>
         <property name="devicePlatform" value=""/>
         <property name="logFolder" value="C:\\Users\\ionu.ciobanu\\git\\KatalonGitTest1\\Reports\\TestSuite1\\20180514_112345"/>
         <property name="logFiles" value="C:\\Users\\ionu.ciobanu\\git\\KatalonGitTest1\\Reports\\TestSuite1\\20180514_112345\\execution0.log"/>
         <property name="attachments" value=""/>
         <property name="hostName" value="ionut.ciobanu - LENOVO0187.corp.gaminginnovationgroup.com"/>
         <property name="hostAddress" value="192.168.56.1"/>
         <property name="os" value="Windows 10 32bit"/>
         <property name="katalonVersion" value="5.4.1.1"/>
      </properties>
      <system-out><![CDATA[2018-05-14 11:23:51 - [TEST_SUITE][PASSED] - TestSuite1: null]]></system-out>
      <system-err><![CDATA[]]></system-err>
   </testsuite>
</testsuites>
