<?xml version="1.0" encoding="UTF-8"?>
<testsuites name="TestSuite1" time="17" tests="2" failures="0" errors="0">
   <testsuite name="TestSuite1" tests="2" failures="0" errors="0" time="17" timestamp="2018-05-14 12:07:51" hostname="ionut.ciobanu - LENOVO0187.corp.gaminginnovationgroup.com" id="Test Suites/TestSuite1">
      <properties>
         <property name="deviceName" value=""/>
         <property name="devicePlatform" value=""/>
         <property name="logFolder" value="C:\\Users\\ionu.ciobanu\\git\\KatalonGitTest1\\Reports\\TestSuite1\\20180514_120745"/>
         <property name="logFiles" value="C:\\Users\\ionu.ciobanu\\git\\KatalonGitTest1\\Reports\\TestSuite1\\20180514_120745\\execution0.log"/>
         <property name="attachments" value=""/>
         <property name="hostName" value="ionut.ciobanu - LENOVO0187.corp.gaminginnovationgroup.com"/>
         <property name="os" value="Windows 10 32bit"/>
         <property name="katalonVersion" value="5.4.1.1"/>
         <property name="browser" value="Chrome 65.0.3325.181"/>
         <property name="hostAddress" value="192.168.56.1"/>
         <property name="sessionId" value="abb1a799046cc43101d1ecf77853a3db"/>
         <property name="seleniumVersion" value="3.7.1"/>
         <property name="proxyInformation" value="ProxyInformation{proxyOption=NO_PROXY, proxyServerType=HTTP, password=, proxyServerAddress=, proxyServerPort=0}"/>
         <property name="platform" value="Windows 10"/>
      </properties>
      <testcase name="Test Cases/Test 1 by Tom" classname="Test Cases/Test 1 by Tom" status="PASSED">
         <system-out><![CDATA[2018-05-14 12:07:51 - [TEST_CASE][PASSED] - Test Cases/Test 1 by Tom: Test Cases/Test 1 by Tom

2018-05-14 12:07:51 - [TEST_STEP][PASSED] - openBrowser: Browser is opened with url: ''

2018-05-14 12:07:54 - [MESSAGE][PASSED] - Browser is opened with url: ''

2018-05-14 12:07:54 - [TEST_STEP][PASSED] - navigateToUrl: Navigate to 'http://lifecharger.org' successfully

2018-05-14 12:08:00 - [MESSAGE][PASSED] - Navigate to 'http://lifecharger.org' successfully

2018-05-14 12:08:00 - [TEST_STEP][PASSED] - closeBrowser: Browser is closed

2018-05-14 12:08:01 - [MESSAGE][PASSED] - Browser is closed]]></system-out>
         <system-err><![CDATA[]]></system-err>
      </testcase>
      <testcase name="Test Cases/Test 2 by Kim" classname="Test Cases/Test 2 by Kim" status="PASSED">
         <system-out><![CDATA[2018-05-14 12:08:01 - [TEST_CASE][PASSED] - Test Cases/Test 2 by Kim: Test Cases/Test 2 by Kim

2018-05-14 12:08:01 - [TEST_STEP][PASSED] - openBrowser: Browser is opened with url: 'www.katalon.com'

2018-05-14 12:08:08 - [MESSAGE][PASSED] - Browser is opened with url: 'www.katalon.com'

2018-05-14 12:08:08 - [TEST_STEP][PASSED] - closeBrowser: Browser is closed

2018-05-14 12:08:09 - [MESSAGE][PASSED] - Browser is closed]]></system-out>
         <system-err><![CDATA[]]></system-err>
      </testcase>
      <system-out><![CDATA[2018-05-14 12:07:51 - [TEST_SUITE][PASSED] - TestSuite1: Test Cases/Test 2 by Kim]]></system-out>
      <system-err><![CDATA[]]></system-err>
   </testsuite>
</testsuites>
